=== run at Tue Jun 16 11:41:40 PM +06 2026 ===

=== 10.137.65.110 ===
[read] uname -a
Linux target 6.8.0-117-generic #117-Ubuntu SMP PREEMPT_DYNAMIC Tue May  5 19:26:24 UTC 2026 x86_64 x86_64 x86_64 GNU/Linux
[read] uptime
23:41:41 up  1:08,  3 users,  load average: 0.00, 0.00, 0.00
[read] df -h /
Filesystem      Size  Used Avail Use% Mounted on
/dev/sda1       3.9G  1.9G  2.0G  49% /
[config] bash -c "echo 'Managed by automation' > /etc/motd" -> ok
=== run at Tue Jun 16 11:52:01 PM +06 2026 ===

=== 10.137.65.110 ===
[read] uname -a
Linux target 6.8.0-117-generic #117-Ubuntu SMP PREEMPT_DYNAMIC Tue May  5 19:26:24 UTC 2026 x86_64 x86_64 x86_64 GNU/Linux
[read] uptime
23:52:02 up  1:18,  3 users,  load average: 0.00, 0.00, 0.00
[read] df -h /
Filesystem      Size  Used Avail Use% Mounted on
/dev/sda1       3.9G  1.9G  2.0G  49% /
[config] bash -c "echo 'Managed by automation' > /etc/motd" -> ok
=== run at Tue Jun 16 11:54:01 PM +06 2026 ===

=== 10.137.65.110 ===
[read] uname -a
Linux target 6.8.0-117-generic #117-Ubuntu SMP PREEMPT_DYNAMIC Tue May  5 19:26:24 UTC 2026 x86_64 x86_64 x86_64 GNU/Linux
[read] uptime
23:54:01 up  1:20,  3 users,  load average: 0.00, 0.00, 0.00
[read] df -h /
Filesystem      Size  Used Avail Use% Mounted on
/dev/sda1       3.9G  1.9G  2.0G  49% /
[config] bash -c "echo 'Managed by automation' > /etc/motd" -> ok
=== run at Tue Jun 16 11:56:01 PM +06 2026 ===

=== 10.137.65.110 ===
[read] uname -a
Linux target 6.8.0-117-generic #117-Ubuntu SMP PREEMPT_DYNAMIC Tue May  5 19:26:24 UTC 2026 x86_64 x86_64 x86_64 GNU/Linux
[read] uptime
23:56:01 up  1:22,  3 users,  load average: 0.00, 0.00, 0.00
[read] df -h /
Filesystem      Size  Used Avail Use% Mounted on
/dev/sda1       3.9G  1.9G  2.0G  49% /
[config] bash -c "echo 'Managed by automation' > /etc/motd" -> ok
=== run at Tue Jun 16 11:58:01 PM +06 2026 ===

=== 10.137.65.110 ===
[read] uname -a
Linux target 6.8.0-117-generic #117-Ubuntu SMP PREEMPT_DYNAMIC Tue May  5 19:26:24 UTC 2026 x86_64 x86_64 x86_64 GNU/Linux
[read] uptime
23:58:01 up  1:24,  3 users,  load average: 0.00, 0.00, 0.00
[read] df -h /
Filesystem      Size  Used Avail Use% Mounted on
/dev/sda1       3.9G  1.9G  2.0G  49% /
[config] bash -c "echo 'Managed by automation' > /etc/motd" -> ok
=== run at Wed Jun 17 12:00:01 AM +06 2026 ===

=== 10.137.65.110 ===
[read] uname -a
Linux target 6.8.0-117-generic #117-Ubuntu SMP PREEMPT_DYNAMIC Tue May  5 19:26:24 UTC 2026 x86_64 x86_64 x86_64 GNU/Linux
[read] uptime
00:00:02 up  1:26,  3 users,  load average: 0.00, 0.00, 0.00
[read] df -h /
Filesystem      Size  Used Avail Use% Mounted on
/dev/sda1       3.9G  1.9G  2.0G  49% /
[config] bash -c "echo 'Managed by automation' > /etc/motd" -> ok
=== run at Wed Jun 17 12:02:01 AM +06 2026 ===

=== 10.137.65.110 ===
[read] uname -a
Linux target 6.8.0-117-generic #117-Ubuntu SMP PREEMPT_DYNAMIC Tue May  5 19:26:24 UTC 2026 x86_64 x86_64 x86_64 GNU/Linux
[read] uptime
00:02:02 up  1:28,  3 users,  load average: 0.00, 0.00, 0.00
[read] df -h /
Filesystem      Size  Used Avail Use% Mounted on
/dev/sda1       3.9G  1.9G  2.0G  49% /
[config] bash -c "echo 'Managed by automation' > /etc/motd" -> ok
=== run at Wed Jun 17 12:04:01 AM +06 2026 ===

=== 10.137.65.110 ===
[read] uname -a
Linux target 6.8.0-117-generic #117-Ubuntu SMP PREEMPT_DYNAMIC Tue May  5 19:26:24 UTC 2026 x86_64 x86_64 x86_64 GNU/Linux
[read] uptime
00:04:02 up  1:30,  3 users,  load average: 0.00, 0.00, 0.00
[read] df -h /
Filesystem      Size  Used Avail Use% Mounted on
/dev/sda1       3.9G  1.9G  2.0G  49% /
[config] bash -c "echo 'Managed by automation' > /etc/motd" -> ok
=== run at Wed Jun 17 12:06:01 AM +06 2026 ===

=== 10.137.65.110 ===
[read] uname -a
Linux target 6.8.0-117-generic #117-Ubuntu SMP PREEMPT_DYNAMIC Tue May  5 19:26:24 UTC 2026 x86_64 x86_64 x86_64 GNU/Linux
[read] uptime
00:06:02 up  1:32,  3 users,  load average: 0.00, 0.00, 0.00
[read] df -h /
Filesystem      Size  Used Avail Use% Mounted on
/dev/sda1       3.9G  1.9G  2.0G  49% /
[config] bash -c "echo 'Managed by automation' > /etc/motd" -> ok
=== run at Wed Jun 17 12:08:01 AM +06 2026 ===

=== 10.137.65.110 ===
[read] uname -a
Linux target 6.8.0-117-generic #117-Ubuntu SMP PREEMPT_DYNAMIC Tue May  5 19:26:24 UTC 2026 x86_64 x86_64 x86_64 GNU/Linux
[read] uptime
00:08:02 up  1:34,  3 users,  load average: 0.00, 0.00, 0.00
[read] df -h /
Filesystem      Size  Used Avail Use% Mounted on
/dev/sda1       3.9G  1.9G  2.0G  49% /
[config] bash -c "echo 'Managed by automation' > /etc/motd" -> ok
=== run at Wed Jun 17 12:10:01 AM +06 2026 ===

=== 10.137.65.110 ===
[read] uname -a
Linux target 6.8.0-117-generic #117-Ubuntu SMP PREEMPT_DYNAMIC Tue May  5 19:26:24 UTC 2026 x86_64 x86_64 x86_64 GNU/Linux
[read] uptime
00:10:02 up  1:36,  3 users,  load average: 0.00, 0.00, 0.00
[read] df -h /
Filesystem      Size  Used Avail Use% Mounted on
/dev/sda1       3.9G  1.9G  2.0G  49% /
[config] bash -c "echo 'Managed by automation' > /etc/motd" -> ok
=== run at Wed Jun 17 12:12:01 AM +06 2026 ===

=== 10.137.65.110 ===
[read] uname -a
Linux target 6.8.0-117-generic #117-Ubuntu SMP PREEMPT_DYNAMIC Tue May  5 19:26:24 UTC 2026 x86_64 x86_64 x86_64 GNU/Linux
[read] uptime
00:12:02 up  1:38,  3 users,  load average: 0.00, 0.00, 0.00
[read] df -h /
Filesystem      Size  Used Avail Use% Mounted on
/dev/sda1       3.9G  1.9G  2.0G  49% /
[config] bash -c "echo 'Managed by automation' > /etc/motd" -> ok
=== run at Wed Jun 17 12:14:01 AM +06 2026 ===

=== 10.137.65.110 ===
[read] uname -a
Linux target 6.8.0-117-generic #117-Ubuntu SMP PREEMPT_DYNAMIC Tue May  5 19:26:24 UTC 2026 x86_64 x86_64 x86_64 GNU/Linux
[read] uptime
00:14:02 up  1:40,  3 users,  load average: 0.00, 0.00, 0.00
[read] df -h /
Filesystem      Size  Used Avail Use% Mounted on
/dev/sda1       3.9G  1.9G  2.0G  49% /
[config] bash -c "echo 'Managed by automation' > /etc/motd" -> ok
=== run at Wed Jun 17 12:16:01 AM +06 2026 ===

=== 10.137.65.110 ===
[read] uname -a
Linux target 6.8.0-117-generic #117-Ubuntu SMP PREEMPT_DYNAMIC Tue May  5 19:26:24 UTC 2026 x86_64 x86_64 x86_64 GNU/Linux
[read] uptime
00:16:02 up  1:42,  3 users,  load average: 0.00, 0.00, 0.00
[read] df -h /
Filesystem      Size  Used Avail Use% Mounted on
/dev/sda1       3.9G  1.9G  2.0G  49% /
[config] bash -c "echo 'Managed by automation' > /etc/motd" -> ok
=== run at Wed Jun 17 12:18:01 AM +06 2026 ===

=== 10.137.65.110 ===
[read] uname -a
Linux target 6.8.0-117-generic #117-Ubuntu SMP PREEMPT_DYNAMIC Tue May  5 19:26:24 UTC 2026 x86_64 x86_64 x86_64 GNU/Linux
[read] uptime
00:18:02 up  1:44,  3 users,  load average: 0.00, 0.00, 0.00
[read] df -h /
Filesystem      Size  Used Avail Use% Mounted on
/dev/sda1       3.9G  1.9G  2.0G  49% /
[config] bash -c "echo 'Managed by automation' > /etc/motd" -> ok
=== run at Wed Jun 17 12:20:01 AM +06 2026 ===

=== 10.137.65.110 ===
[read] uname -a
Linux target 6.8.0-117-generic #117-Ubuntu SMP PREEMPT_DYNAMIC Tue May  5 19:26:24 UTC 2026 x86_64 x86_64 x86_64 GNU/Linux
[read] uptime
00:20:02 up  1:46,  3 users,  load average: 0.00, 0.00, 0.00
[read] df -h /
Filesystem      Size  Used Avail Use% Mounted on
/dev/sda1       3.9G  1.9G  2.0G  49% /
[config] bash -c "echo 'Managed by automation' > /etc/motd" -> ok
=== run at Wed Jun 17 12:22:01 AM +06 2026 ===

=== 10.137.65.110 ===
[read] uname -a
Linux target 6.8.0-117-generic #117-Ubuntu SMP PREEMPT_DYNAMIC Tue May  5 19:26:24 UTC 2026 x86_64 x86_64 x86_64 GNU/Linux
[read] uptime
00:22:01 up  1:48,  3 users,  load average: 0.00, 0.00, 0.00
[read] df -h /
Filesystem      Size  Used Avail Use% Mounted on
/dev/sda1       3.9G  1.9G  2.0G  49% /
[config] bash -c "echo 'Managed by automation' > /etc/motd" -> ok
=== run at Wed Jun 17 12:24:01 AM +06 2026 ===

=== 10.137.65.110 ===
[read] uname -a
Linux target 6.8.0-117-generic #117-Ubuntu SMP PREEMPT_DYNAMIC Tue May  5 19:26:24 UTC 2026 x86_64 x86_64 x86_64 GNU/Linux
[read] uptime
00:24:01 up  1:50,  3 users,  load average: 0.00, 0.00, 0.00
[read] df -h /
Filesystem      Size  Used Avail Use% Mounted on
/dev/sda1       3.9G  1.9G  2.0G  49% /
[config] bash -c "echo 'Managed by automation' > /etc/motd" -> ok
=== run at Wed Jun 17 12:26:01 AM +06 2026 ===

=== 10.137.65.110 ===
[read] uname -a
Linux target 6.8.0-117-generic #117-Ubuntu SMP PREEMPT_DYNAMIC Tue May  5 19:26:24 UTC 2026 x86_64 x86_64 x86_64 GNU/Linux
[read] uptime
00:26:02 up  1:52,  3 users,  load average: 0.00, 0.00, 0.00
[read] df -h /
Filesystem      Size  Used Avail Use% Mounted on
/dev/sda1       3.9G  1.9G  2.0G  49% /
[config] bash -c "echo 'Managed by automation' > /etc/motd" -> ok
=== run at Wed Jun 17 12:28:01 AM +06 2026 ===

=== 10.137.65.110 ===
[read] uname -a
Linux target 6.8.0-117-generic #117-Ubuntu SMP PREEMPT_DYNAMIC Tue May  5 19:26:24 UTC 2026 x86_64 x86_64 x86_64 GNU/Linux
[read] uptime
00:28:02 up  1:54,  3 users,  load average: 0.00, 0.00, 0.00
[read] df -h /
Filesystem      Size  Used Avail Use% Mounted on
/dev/sda1       3.9G  1.9G  2.0G  49% /
[config] bash -c "echo 'Managed by automation' > /etc/motd" -> ok
=== run at Wed Jun 17 12:30:01 AM +06 2026 ===

=== 10.137.65.110 ===
[read] uname -a
Linux target 6.8.0-117-generic #117-Ubuntu SMP PREEMPT_DYNAMIC Tue May  5 19:26:24 UTC 2026 x86_64 x86_64 x86_64 GNU/Linux
[read] uptime
00:30:02 up  1:56,  3 users,  load average: 0.00, 0.00, 0.00
[read] df -h /
Filesystem      Size  Used Avail Use% Mounted on
/dev/sda1       3.9G  1.9G  2.0G  49% /
[config] bash -c "echo 'Managed by automation' > /etc/motd" -> ok
=== run at Wed Jun 17 12:32:01 AM +06 2026 ===

=== 10.137.65.110 ===
[read] uname -a
Linux target 6.8.0-117-generic #117-Ubuntu SMP PREEMPT_DYNAMIC Tue May  5 19:26:24 UTC 2026 x86_64 x86_64 x86_64 GNU/Linux
[read] uptime
00:32:02 up  1:58,  3 users,  load average: 0.00, 0.00, 0.00
[read] df -h /
Filesystem      Size  Used Avail Use% Mounted on
/dev/sda1       3.9G  1.9G  2.0G  49% /
[config] bash -c "echo 'Managed by automation' > /etc/motd" -> ok
=== run at Wed Jun 17 12:34:01 AM +06 2026 ===

=== 10.137.65.110 ===
[read] uname -a
Linux target 6.8.0-117-generic #117-Ubuntu SMP PREEMPT_DYNAMIC Tue May  5 19:26:24 UTC 2026 x86_64 x86_64 x86_64 GNU/Linux
[read] uptime
00:34:02 up  2:00,  3 users,  load average: 0.00, 0.00, 0.00
[read] df -h /
Filesystem      Size  Used Avail Use% Mounted on
/dev/sda1       3.9G  1.9G  2.0G  49% /
[config] bash -c "echo 'Managed by automation' > /etc/motd" -> ok
=== run at Wed Jun 17 12:36:01 AM +06 2026 ===

=== 10.137.65.110 ===
[read] uname -a
Linux target 6.8.0-117-generic #117-Ubuntu SMP PREEMPT_DYNAMIC Tue May  5 19:26:24 UTC 2026 x86_64 x86_64 x86_64 GNU/Linux
[read] uptime
00:36:02 up  2:02,  3 users,  load average: 0.00, 0.00, 0.00
[read] df -h /
Filesystem      Size  Used Avail Use% Mounted on
/dev/sda1       3.9G  1.9G  2.0G  49% /
[config] bash -c "echo 'Managed by automation' > /etc/motd" -> ok
=== run at Wed Jun 17 12:38:01 AM +06 2026 ===

=== 10.137.65.110 ===
[read] uname -a
Linux target 6.8.0-117-generic #117-Ubuntu SMP PREEMPT_DYNAMIC Tue May  5 19:26:24 UTC 2026 x86_64 x86_64 x86_64 GNU/Linux
[read] uptime
00:38:01 up  2:04,  3 users,  load average: 0.00, 0.00, 0.00
[read] df -h /
Filesystem      Size  Used Avail Use% Mounted on
/dev/sda1       3.9G  1.9G  2.0G  49% /
[config] bash -c "echo 'Managed by automation' > /etc/motd" -> ok
=== run at Wed Jun 17 12:40:01 AM +06 2026 ===

=== 10.137.65.110 ===
[read] uname -a
Linux target 6.8.0-117-generic #117-Ubuntu SMP PREEMPT_DYNAMIC Tue May  5 19:26:24 UTC 2026 x86_64 x86_64 x86_64 GNU/Linux
[read] uptime
00:40:02 up  2:06,  3 users,  load average: 0.00, 0.00, 0.00
[read] df -h /
Filesystem      Size  Used Avail Use% Mounted on
/dev/sda1       3.9G  1.9G  2.0G  49% /
[config] bash -c "echo 'Managed by automation' > /etc/motd" -> ok
=== run at Wed Jun 17 12:42:01 AM +06 2026 ===

=== 10.137.65.110 ===
[read] uname -a
Linux target 6.8.0-117-generic #117-Ubuntu SMP PREEMPT_DYNAMIC Tue May  5 19:26:24 UTC 2026 x86_64 x86_64 x86_64 GNU/Linux
[read] uptime
00:42:02 up  2:08,  3 users,  load average: 0.00, 0.00, 0.00
[read] df -h /
Filesystem      Size  Used Avail Use% Mounted on
/dev/sda1       3.9G  1.9G  2.0G  49% /
[config] bash -c "echo 'Managed by automation' > /etc/motd" -> ok
=== run at Wed Jun 17 12:44:01 AM +06 2026 ===

=== 10.137.65.110 ===
[read] uname -a
Linux target 6.8.0-117-generic #117-Ubuntu SMP PREEMPT_DYNAMIC Tue May  5 19:26:24 UTC 2026 x86_64 x86_64 x86_64 GNU/Linux
[read] uptime
00:44:02 up  2:10,  3 users,  load average: 0.00, 0.00, 0.00
[read] df -h /
Filesystem      Size  Used Avail Use% Mounted on
/dev/sda1       3.9G  1.9G  2.0G  49% /
[config] bash -c "echo 'Managed by automation' > /etc/motd" -> ok
=== run at Wed Jun 17 12:46:01 AM +06 2026 ===

=== 10.137.65.110 ===
[read] uname -a
Linux target 6.8.0-117-generic #117-Ubuntu SMP PREEMPT_DYNAMIC Tue May  5 19:26:24 UTC 2026 x86_64 x86_64 x86_64 GNU/Linux
[read] uptime
00:46:02 up  2:12,  3 users,  load average: 0.00, 0.00, 0.00
[read] df -h /
Filesystem      Size  Used Avail Use% Mounted on
/dev/sda1       3.9G  1.9G  2.0G  49% /
[config] bash -c "echo 'Managed by automation' > /etc/motd" -> ok
=== run at Wed Jun 17 12:48:01 AM +06 2026 ===

=== 10.137.65.110 ===
[read] uname -a
Linux target 6.8.0-117-generic #117-Ubuntu SMP PREEMPT_DYNAMIC Tue May  5 19:26:24 UTC 2026 x86_64 x86_64 x86_64 GNU/Linux
[read] uptime
00:48:02 up  2:14,  3 users,  load average: 0.00, 0.00, 0.00
[read] df -h /
Filesystem      Size  Used Avail Use% Mounted on
/dev/sda1       3.9G  1.9G  2.0G  49% /
[config] bash -c "echo 'Managed by automation' > /etc/motd" -> ok
=== run at Wed Jun 17 12:50:01 AM +06 2026 ===

=== 10.137.65.110 ===
[read] uname -a
Linux target 6.8.0-117-generic #117-Ubuntu SMP PREEMPT_DYNAMIC Tue May  5 19:26:24 UTC 2026 x86_64 x86_64 x86_64 GNU/Linux
[read] uptime
00:50:02 up  2:16,  3 users,  load average: 0.00, 0.00, 0.00
[read] df -h /
Filesystem      Size  Used Avail Use% Mounted on
/dev/sda1       3.9G  1.9G  2.0G  49% /
[config] bash -c "echo 'Managed by automation' > /etc/motd" -> ok
=== run at Wed Jun 17 12:52:01 AM +06 2026 ===

=== 10.137.65.110 ===
[read] uname -a
Linux target 6.8.0-117-generic #117-Ubuntu SMP PREEMPT_DYNAMIC Tue May  5 19:26:24 UTC 2026 x86_64 x86_64 x86_64 GNU/Linux
[read] uptime
00:52:01 up  2:18,  3 users,  load average: 0.00, 0.00, 0.00
[read] df -h /
Filesystem      Size  Used Avail Use% Mounted on
/dev/sda1       3.9G  1.9G  2.0G  49% /
[config] bash -c "echo 'Managed by automation' > /etc/motd" -> ok
=== run at Wed Jun 17 12:54:01 AM +06 2026 ===

=== 10.137.65.110 ===
[read] uname -a
Linux target 6.8.0-117-generic #117-Ubuntu SMP PREEMPT_DYNAMIC Tue May  5 19:26:24 UTC 2026 x86_64 x86_64 x86_64 GNU/Linux
[read] uptime
00:54:02 up  2:20,  3 users,  load average: 0.00, 0.00, 0.00
[read] df -h /
Filesystem      Size  Used Avail Use% Mounted on
/dev/sda1       3.9G  1.9G  2.0G  49% /
[config] bash -c "echo 'Managed by automation' > /etc/motd" -> ok
=== run at Wed Jun 17 12:56:01 AM +06 2026 ===

=== 10.137.65.110 ===
[read] uname -a
Linux target 6.8.0-117-generic #117-Ubuntu SMP PREEMPT_DYNAMIC Tue May  5 19:26:24 UTC 2026 x86_64 x86_64 x86_64 GNU/Linux
[read] uptime
00:56:02 up  2:22,  3 users,  load average: 0.00, 0.00, 0.00
[read] df -h /
Filesystem      Size  Used Avail Use% Mounted on
/dev/sda1       3.9G  1.9G  2.0G  49% /
[config] bash -c "echo 'Managed by automation' > /etc/motd" -> ok
=== run at Wed Jun 17 12:58:01 AM +06 2026 ===

=== 10.137.65.110 ===
[read] uname -a
Linux target 6.8.0-117-generic #117-Ubuntu SMP PREEMPT_DYNAMIC Tue May  5 19:26:24 UTC 2026 x86_64 x86_64 x86_64 GNU/Linux
[read] uptime
00:58:02 up  2:24,  3 users,  load average: 0.00, 0.00, 0.00
[read] df -h /
Filesystem      Size  Used Avail Use% Mounted on
/dev/sda1       3.9G  1.9G  2.0G  49% /
[config] bash -c "echo 'Managed by automation' > /etc/motd" -> ok
=== run at Wed Jun 17 01:00:01 AM +06 2026 ===

=== 10.137.65.110 ===
[read] uname -a
Linux target 6.8.0-117-generic #117-Ubuntu SMP PREEMPT_DYNAMIC Tue May  5 19:26:24 UTC 2026 x86_64 x86_64 x86_64 GNU/Linux
[read] uptime
01:00:02 up  2:26,  3 users,  load average: 0.00, 0.00, 0.00
[read] df -h /
Filesystem      Size  Used Avail Use% Mounted on
/dev/sda1       3.9G  1.9G  2.0G  49% /
[config] bash -c "echo 'Managed by automation' > /etc/motd" -> ok
=== run at Wed Jun 17 01:02:01 AM +06 2026 ===

=== 10.137.65.110 ===
[read] uname -a
Linux target 6.8.0-117-generic #117-Ubuntu SMP PREEMPT_DYNAMIC Tue May  5 19:26:24 UTC 2026 x86_64 x86_64 x86_64 GNU/Linux
[read] uptime
01:02:02 up  2:28,  3 users,  load average: 0.00, 0.00, 0.00
[read] df -h /
Filesystem      Size  Used Avail Use% Mounted on
/dev/sda1       3.9G  1.9G  2.0G  49% /
[config] bash -c "echo 'Managed by automation' > /etc/motd" -> ok
=== run at Wed Jun 17 01:04:01 AM +06 2026 ===

=== 10.137.65.110 ===
[read] uname -a
Linux target 6.8.0-117-generic #117-Ubuntu SMP PREEMPT_DYNAMIC Tue May  5 19:26:24 UTC 2026 x86_64 x86_64 x86_64 GNU/Linux
[read] uptime
01:04:02 up  2:30,  3 users,  load average: 0.00, 0.00, 0.00
[read] df -h /
Filesystem      Size  Used Avail Use% Mounted on
/dev/sda1       3.9G  1.9G  2.0G  49% /
[config] bash -c "echo 'Managed by automation' > /etc/motd" -> ok
=== run at Wed Jun 17 01:06:01 AM +06 2026 ===

=== 10.137.65.110 ===
[read] uname -a
Linux target 6.8.0-117-generic #117-Ubuntu SMP PREEMPT_DYNAMIC Tue May  5 19:26:24 UTC 2026 x86_64 x86_64 x86_64 GNU/Linux
[read] uptime
01:06:02 up  2:32,  3 users,  load average: 0.00, 0.00, 0.00
[read] df -h /
Filesystem      Size  Used Avail Use% Mounted on
/dev/sda1       3.9G  1.9G  2.0G  49% /
[config] bash -c "echo 'Managed by automation' > /etc/motd" -> ok
=== run at Wed Jun 17 01:08:01 AM +06 2026 ===

=== 10.137.65.110 ===
[read] uname -a
Linux target 6.8.0-117-generic #117-Ubuntu SMP PREEMPT_DYNAMIC Tue May  5 19:26:24 UTC 2026 x86_64 x86_64 x86_64 GNU/Linux
[read] uptime
01:08:02 up  2:34,  3 users,  load average: 0.00, 0.00, 0.00
[read] df -h /
Filesystem      Size  Used Avail Use% Mounted on
/dev/sda1       3.9G  1.9G  2.0G  49% /
[config] bash -c "echo 'Managed by automation' > /etc/motd" -> ok
=== run at Wed Jun 17 01:10:01 AM +06 2026 ===

=== 10.137.65.110 ===
[read] uname -a
Linux target 6.8.0-117-generic #117-Ubuntu SMP PREEMPT_DYNAMIC Tue May  5 19:26:24 UTC 2026 x86_64 x86_64 x86_64 GNU/Linux
[read] uptime
01:10:02 up  2:36,  3 users,  load average: 0.00, 0.00, 0.00
[read] df -h /
Filesystem      Size  Used Avail Use% Mounted on
/dev/sda1       3.9G  1.9G  2.0G  49% /
[config] bash -c "echo 'Managed by automation' > /etc/motd" -> ok
=== run at Wed Jun 17 01:12:01 AM +06 2026 ===

=== 10.137.65.110 ===
[read] uname -a
Linux target 6.8.0-117-generic #117-Ubuntu SMP PREEMPT_DYNAMIC Tue May  5 19:26:24 UTC 2026 x86_64 x86_64 x86_64 GNU/Linux
[read] uptime
01:12:02 up  2:38,  3 users,  load average: 0.00, 0.00, 0.00
[read] df -h /
Filesystem      Size  Used Avail Use% Mounted on
/dev/sda1       3.9G  1.9G  2.0G  49% /
[config] bash -c "echo 'Managed by automation' > /etc/motd" -> ok
=== run at Wed Jun 17 01:14:01 AM +06 2026 ===

=== 10.137.65.110 ===
[read] uname -a
Linux target 6.8.0-117-generic #117-Ubuntu SMP PREEMPT_DYNAMIC Tue May  5 19:26:24 UTC 2026 x86_64 x86_64 x86_64 GNU/Linux
[read] uptime
01:14:02 up  2:40,  3 users,  load average: 0.00, 0.00, 0.00
[read] df -h /
Filesystem      Size  Used Avail Use% Mounted on
/dev/sda1       3.9G  1.9G  2.0G  49% /
[config] bash -c "echo 'Managed by automation' > /etc/motd" -> ok
=== run at Wed Jun 17 01:16:01 AM +06 2026 ===

=== 10.137.65.110 ===
[read] uname -a
Linux target 6.8.0-117-generic #117-Ubuntu SMP PREEMPT_DYNAMIC Tue May  5 19:26:24 UTC 2026 x86_64 x86_64 x86_64 GNU/Linux
[read] uptime
01:16:02 up  2:42,  3 users,  load average: 0.00, 0.00, 0.00
[read] df -h /
Filesystem      Size  Used Avail Use% Mounted on
/dev/sda1       3.9G  1.9G  2.0G  49% /
[config] bash -c "echo 'Managed by automation' > /etc/motd" -> ok
=== run at Wed Jun 17 01:18:01 AM +06 2026 ===

=== 10.137.65.110 ===
[read] uname -a
Linux target 6.8.0-117-generic #117-Ubuntu SMP PREEMPT_DYNAMIC Tue May  5 19:26:24 UTC 2026 x86_64 x86_64 x86_64 GNU/Linux
[read] uptime
01:18:01 up  2:44,  3 users,  load average: 0.00, 0.00, 0.00
[read] df -h /
Filesystem      Size  Used Avail Use% Mounted on
/dev/sda1       3.9G  1.9G  2.0G  49% /
[config] bash -c "echo 'Managed by automation' > /etc/motd" -> ok
=== run at Wed Jun 17 01:20:01 AM +06 2026 ===

=== 10.137.65.110 ===
[read] uname -a
Linux target 6.8.0-117-generic #117-Ubuntu SMP PREEMPT_DYNAMIC Tue May  5 19:26:24 UTC 2026 x86_64 x86_64 x86_64 GNU/Linux
[read] uptime
01:20:02 up  2:46,  3 users,  load average: 0.00, 0.00, 0.00
[read] df -h /
Filesystem      Size  Used Avail Use% Mounted on
/dev/sda1       3.9G  1.9G  2.0G  49% /
[config] bash -c "echo 'Managed by automation' > /etc/motd" -> ok
=== run at Wed Jun 17 01:22:01 AM +06 2026 ===

=== 10.137.65.110 ===
[read] uname -a
Linux target 6.8.0-117-generic #117-Ubuntu SMP PREEMPT_DYNAMIC Tue May  5 19:26:24 UTC 2026 x86_64 x86_64 x86_64 GNU/Linux
[read] uptime
01:22:02 up  2:48,  3 users,  load average: 0.00, 0.00, 0.00
[read] df -h /
Filesystem      Size  Used Avail Use% Mounted on
/dev/sda1       3.9G  1.9G  2.0G  49% /
[config] bash -c "echo 'Managed by automation' > /etc/motd" -> ok
=== run at Wed Jun 17 01:24:01 AM +06 2026 ===

=== 10.137.65.110 ===
[read] uname -a
Linux target 6.8.0-117-generic #117-Ubuntu SMP PREEMPT_DYNAMIC Tue May  5 19:26:24 UTC 2026 x86_64 x86_64 x86_64 GNU/Linux
[read] uptime
01:24:02 up  2:50,  3 users,  load average: 0.00, 0.00, 0.00
[read] df -h /
Filesystem      Size  Used Avail Use% Mounted on
/dev/sda1       3.9G  1.9G  2.0G  49% /
[config] bash -c "echo 'Managed by automation' > /etc/motd" -> ok
=== run at Wed Jun 17 01:26:01 AM +06 2026 ===

=== 10.137.65.110 ===
[read] uname -a
Linux target 6.8.0-117-generic #117-Ubuntu SMP PREEMPT_DYNAMIC Tue May  5 19:26:24 UTC 2026 x86_64 x86_64 x86_64 GNU/Linux
[read] uptime
01:26:02 up  2:52,  3 users,  load average: 0.00, 0.00, 0.00
[read] df -h /
Filesystem      Size  Used Avail Use% Mounted on
/dev/sda1       3.9G  1.9G  2.0G  49% /
[config] bash -c "echo 'Managed by automation' > /etc/motd" -> ok
=== run at Wed Jun 17 01:28:01 AM +06 2026 ===

=== 10.137.65.110 ===
[read] uname -a
Linux target 6.8.0-117-generic #117-Ubuntu SMP PREEMPT_DYNAMIC Tue May  5 19:26:24 UTC 2026 x86_64 x86_64 x86_64 GNU/Linux
[read] uptime
01:28:01 up  2:54,  3 users,  load average: 0.00, 0.00, 0.00
[read] df -h /
Filesystem      Size  Used Avail Use% Mounted on
/dev/sda1       3.9G  1.9G  2.0G  49% /
[config] bash -c "echo 'Managed by automation' > /etc/motd" -> ok
=== run at Wed Jun 17 01:30:01 AM +06 2026 ===

=== 10.137.65.110 ===
[read] uname -a
Linux target 6.8.0-117-generic #117-Ubuntu SMP PREEMPT_DYNAMIC Tue May  5 19:26:24 UTC 2026 x86_64 x86_64 x86_64 GNU/Linux
[read] uptime
01:30:01 up  2:56,  3 users,  load average: 0.00, 0.00, 0.00
[read] df -h /
Filesystem      Size  Used Avail Use% Mounted on
/dev/sda1       3.9G  1.9G  2.0G  49% /
[config] bash -c "echo 'Managed by automation' > /etc/motd" -> ok
=== run at Wed Jun 17 01:32:01 AM +06 2026 ===

=== 10.137.65.110 ===
[read] uname -a
Linux target 6.8.0-117-generic #117-Ubuntu SMP PREEMPT_DYNAMIC Tue May  5 19:26:24 UTC 2026 x86_64 x86_64 x86_64 GNU/Linux
[read] uptime
01:32:02 up  2:58,  3 users,  load average: 0.00, 0.00, 0.00
[read] df -h /
Filesystem      Size  Used Avail Use% Mounted on
/dev/sda1       3.9G  1.9G  2.0G  49% /
[config] bash -c "echo 'Managed by automation' > /etc/motd" -> ok
=== run at Wed Jun 17 01:34:01 AM +06 2026 ===

=== 10.137.65.110 ===
[read] uname -a
Linux target 6.8.0-117-generic #117-Ubuntu SMP PREEMPT_DYNAMIC Tue May  5 19:26:24 UTC 2026 x86_64 x86_64 x86_64 GNU/Linux
[read] uptime
01:34:02 up  3:00,  3 users,  load average: 0.01, 0.01, 0.00
[read] df -h /
Filesystem      Size  Used Avail Use% Mounted on
/dev/sda1       3.9G  1.9G  2.0G  49% /
[config] bash -c "echo 'Managed by automation' > /etc/motd" -> ok
=== run at Wed Jun 17 01:36:01 AM +06 2026 ===

=== 10.137.65.110 ===
[read] uname -a
Linux target 6.8.0-117-generic #117-Ubuntu SMP PREEMPT_DYNAMIC Tue May  5 19:26:24 UTC 2026 x86_64 x86_64 x86_64 GNU/Linux
[read] uptime
01:36:02 up  3:02,  3 users,  load average: 0.00, 0.00, 0.00
[read] df -h /
Filesystem      Size  Used Avail Use% Mounted on
/dev/sda1       3.9G  1.9G  2.0G  49% /
[config] bash -c "echo 'Managed by automation' > /etc/motd" -> ok
=== run at Wed Jun 17 01:38:01 AM +06 2026 ===

=== 10.137.65.110 ===
[read] uname -a
Linux target 6.8.0-117-generic #117-Ubuntu SMP PREEMPT_DYNAMIC Tue May  5 19:26:24 UTC 2026 x86_64 x86_64 x86_64 GNU/Linux
[read] uptime
01:38:02 up  3:04,  3 users,  load average: 0.00, 0.00, 0.00
[read] df -h /
Filesystem      Size  Used Avail Use% Mounted on
/dev/sda1       3.9G  1.9G  2.0G  49% /
[config] bash -c "echo 'Managed by automation' > /etc/motd" -> ok
=== run at Wed Jun 17 01:40:01 AM +06 2026 ===

=== 10.137.65.110 ===
[read] uname -a
Linux target 6.8.0-117-generic #117-Ubuntu SMP PREEMPT_DYNAMIC Tue May  5 19:26:24 UTC 2026 x86_64 x86_64 x86_64 GNU/Linux
[read] uptime
01:40:02 up  3:06,  3 users,  load average: 0.00, 0.00, 0.00
[read] df -h /
Filesystem      Size  Used Avail Use% Mounted on
/dev/sda1       3.9G  1.9G  2.0G  49% /
[config] bash -c "echo 'Managed by automation' > /etc/motd" -> ok
=== run at Wed Jun 17 01:42:01 AM +06 2026 ===

=== 10.137.65.110 ===
[read] uname -a
Linux target 6.8.0-117-generic #117-Ubuntu SMP PREEMPT_DYNAMIC Tue May  5 19:26:24 UTC 2026 x86_64 x86_64 x86_64 GNU/Linux
[read] uptime
01:42:01 up  3:08,  3 users,  load average: 0.08, 0.02, 0.01
[read] df -h /
Filesystem      Size  Used Avail Use% Mounted on
/dev/sda1       3.9G  1.9G  2.0G  49% /
[config] bash -c "echo 'Managed by automation' > /etc/motd" -> ok
=== run at Wed Jun 17 01:44:01 AM +06 2026 ===

=== 10.137.65.110 ===
[read] uname -a
Linux target 6.8.0-117-generic #117-Ubuntu SMP PREEMPT_DYNAMIC Tue May  5 19:26:24 UTC 2026 x86_64 x86_64 x86_64 GNU/Linux
[read] uptime
01:44:02 up  3:10,  3 users,  load average: 0.01, 0.00, 0.00
[read] df -h /
Filesystem      Size  Used Avail Use% Mounted on
/dev/sda1       3.9G  1.9G  2.0G  49% /
[config] bash -c "echo 'Managed by automation' > /etc/motd" -> ok
=== run at Wed Jun 17 01:46:01 AM +06 2026 ===

=== 10.137.65.110 ===
[read] uname -a
Linux target 6.8.0-117-generic #117-Ubuntu SMP PREEMPT_DYNAMIC Tue May  5 19:26:24 UTC 2026 x86_64 x86_64 x86_64 GNU/Linux
[read] uptime
01:46:02 up  3:12,  3 users,  load average: 0.00, 0.00, 0.00
[read] df -h /
Filesystem      Size  Used Avail Use% Mounted on
/dev/sda1       3.9G  1.9G  2.0G  49% /
[config] bash -c "echo 'Managed by automation' > /etc/motd" -> ok
=== run at Wed Jun 17 01:48:01 AM +06 2026 ===

=== 10.137.65.110 ===
[read] uname -a
Linux target 6.8.0-117-generic #117-Ubuntu SMP PREEMPT_DYNAMIC Tue May  5 19:26:24 UTC 2026 x86_64 x86_64 x86_64 GNU/Linux
[read] uptime
01:48:02 up  3:14,  3 users,  load average: 0.17, 0.06, 0.02
[read] df -h /
Filesystem      Size  Used Avail Use% Mounted on
/dev/sda1       3.9G  1.9G  2.0G  49% /
[config] bash -c "echo 'Managed by automation' > /etc/motd" -> ok
=== run at Wed Jun 17 01:50:01 AM +06 2026 ===

=== 10.137.65.110 ===
[read] uname -a
Linux target 6.8.0-117-generic #117-Ubuntu SMP PREEMPT_DYNAMIC Tue May  5 19:26:24 UTC 2026 x86_64 x86_64 x86_64 GNU/Linux
[read] uptime
01:50:02 up  3:16,  3 users,  load average: 0.02, 0.03, 0.00
[read] df -h /
Filesystem      Size  Used Avail Use% Mounted on
/dev/sda1       3.9G  1.9G  2.0G  49% /
[config] bash -c "echo 'Managed by automation' > /etc/motd" -> ok
=== run at Wed Jun 17 01:52:01 AM +06 2026 ===

=== 10.137.65.110 ===
[read] uname -a
Linux target 6.8.0-117-generic #117-Ubuntu SMP PREEMPT_DYNAMIC Tue May  5 19:26:24 UTC 2026 x86_64 x86_64 x86_64 GNU/Linux
[read] uptime
01:52:02 up  3:18,  3 users,  load average: 0.08, 0.04, 0.01
[read] df -h /
Filesystem      Size  Used Avail Use% Mounted on
/dev/sda1       3.9G  1.9G  2.0G  49% /
[config] bash -c "echo 'Managed by automation' > /etc/motd" -> ok
=== run at Wed Jun 17 01:54:01 AM +06 2026 ===

=== 10.137.65.110 ===
[read] uname -a
Linux target 6.8.0-117-generic #117-Ubuntu SMP PREEMPT_DYNAMIC Tue May  5 19:26:24 UTC 2026 x86_64 x86_64 x86_64 GNU/Linux
[read] uptime
01:54:02 up  3:20,  3 users,  load average: 0.01, 0.02, 0.00
[read] df -h /
Filesystem      Size  Used Avail Use% Mounted on
/dev/sda1       3.9G  1.9G  2.0G  49% /
[config] bash -c "echo 'Managed by automation' > /etc/motd" -> ok
=== run at Wed Jun 17 01:56:01 AM +06 2026 ===

=== 10.137.65.110 ===
[read] uname -a
Linux target 6.8.0-117-generic #117-Ubuntu SMP PREEMPT_DYNAMIC Tue May  5 19:26:24 UTC 2026 x86_64 x86_64 x86_64 GNU/Linux
[read] uptime
01:56:02 up  3:22,  3 users,  load average: 0.00, 0.01, 0.00
[read] df -h /
Filesystem      Size  Used Avail Use% Mounted on
/dev/sda1       3.9G  1.9G  2.0G  49% /
[config] bash -c "echo 'Managed by automation' > /etc/motd" -> ok
=== run at Wed Jun 17 01:58:01 AM +06 2026 ===

=== 10.137.65.110 ===
[read] uname -a
Linux target 6.8.0-117-generic #117-Ubuntu SMP PREEMPT_DYNAMIC Tue May  5 19:26:24 UTC 2026 x86_64 x86_64 x86_64 GNU/Linux
[read] uptime
01:58:01 up  3:24,  3 users,  load average: 0.00, 0.00, 0.00
[read] df -h /
Filesystem      Size  Used Avail Use% Mounted on
/dev/sda1       3.9G  1.9G  2.0G  49% /
[config] bash -c "echo 'Managed by automation' > /etc/motd" -> ok
=== run at Wed Jun 17 02:00:01 AM +06 2026 ===

=== 10.137.65.110 ===
[read] uname -a
Linux target 6.8.0-117-generic #117-Ubuntu SMP PREEMPT_DYNAMIC Tue May  5 19:26:24 UTC 2026 x86_64 x86_64 x86_64 GNU/Linux
[read] uptime
02:00:01 up  3:26,  3 users,  load average: 0.08, 0.02, 0.01
[read] df -h /
Filesystem      Size  Used Avail Use% Mounted on
/dev/sda1       3.9G  1.9G  2.0G  49% /
[config] bash -c "echo 'Managed by automation' > /etc/motd" -> ok
=== run at Wed Jun 17 02:02:01 AM +06 2026 ===

=== 10.137.65.110 ===
[read] uname -a
Linux target 6.8.0-117-generic #117-Ubuntu SMP PREEMPT_DYNAMIC Tue May  5 19:26:24 UTC 2026 x86_64 x86_64 x86_64 GNU/Linux
[read] uptime
02:02:01 up  3:28,  3 users,  load average: 0.09, 0.02, 0.01
[read] df -h /
Filesystem      Size  Used Avail Use% Mounted on
/dev/sda1       3.9G  1.9G  2.0G  49% /
[config] bash -c "echo 'Managed by automation' > /etc/motd" -> ok
=== run at Wed Jun 17 02:04:01 AM +06 2026 ===

=== 10.137.65.110 ===
[read] uname -a
Linux target 6.8.0-117-generic #117-Ubuntu SMP PREEMPT_DYNAMIC Tue May  5 19:26:24 UTC 2026 x86_64 x86_64 x86_64 GNU/Linux
[read] uptime
02:04:02 up  3:30,  3 users,  load average: 0.09, 0.03, 0.01
[read] df -h /
Filesystem      Size  Used Avail Use% Mounted on
/dev/sda1       3.9G  1.9G  2.0G  49% /
[config] bash -c "echo 'Managed by automation' > /etc/motd" -> ok
=== run at Wed Jun 17 02:06:01 AM +06 2026 ===

=== 10.137.65.110 ===
[read] uname -a
Linux target 6.8.0-117-generic #117-Ubuntu SMP PREEMPT_DYNAMIC Tue May  5 19:26:24 UTC 2026 x86_64 x86_64 x86_64 GNU/Linux
[read] uptime
02:06:02 up  3:32,  3 users,  load average: 0.01, 0.02, 0.00
[read] df -h /
Filesystem      Size  Used Avail Use% Mounted on
/dev/sda1       3.9G  1.9G  2.0G  49% /
[config] bash -c "echo 'Managed by automation' > /etc/motd" -> ok
=== run at Wed Jun 17 02:08:01 AM +06 2026 ===

=== 10.137.65.110 ===
[read] uname -a
Linux target 6.8.0-117-generic #117-Ubuntu SMP PREEMPT_DYNAMIC Tue May  5 19:26:24 UTC 2026 x86_64 x86_64 x86_64 GNU/Linux
[read] uptime
02:08:02 up  3:34,  3 users,  load average: 0.00, 0.00, 0.00
[read] df -h /
Filesystem      Size  Used Avail Use% Mounted on
/dev/sda1       3.9G  1.9G  2.0G  49% /
[config] bash -c "echo 'Managed by automation' > /etc/motd" -> ok
=== run at Wed Jun 17 02:10:01 AM +06 2026 ===

=== 10.137.65.110 ===
[read] uname -a
Linux target 6.8.0-117-generic #117-Ubuntu SMP PREEMPT_DYNAMIC Tue May  5 19:26:24 UTC 2026 x86_64 x86_64 x86_64 GNU/Linux
[read] uptime
02:10:02 up  3:36,  3 users,  load average: 0.00, 0.00, 0.00
[read] df -h /
Filesystem      Size  Used Avail Use% Mounted on
/dev/sda1       3.9G  1.9G  2.0G  49% /
[config] bash -c "echo 'Managed by automation' > /etc/motd" -> ok
=== run at Wed Jun 17 02:12:01 AM +06 2026 ===

=== 10.137.65.110 ===
[read] uname -a
Linux target 6.8.0-117-generic #117-Ubuntu SMP PREEMPT_DYNAMIC Tue May  5 19:26:24 UTC 2026 x86_64 x86_64 x86_64 GNU/Linux
[read] uptime
02:12:01 up  3:38,  3 users,  load average: 0.00, 0.00, 0.00
[read] df -h /
Filesystem      Size  Used Avail Use% Mounted on
/dev/sda1       3.9G  1.9G  2.0G  49% /
[config] bash -c "echo 'Managed by automation' > /etc/motd" -> ok
=== run at Wed Jun 17 02:14:01 AM +06 2026 ===

=== 10.137.65.110 ===
[read] uname -a
Linux target 6.8.0-117-generic #117-Ubuntu SMP PREEMPT_DYNAMIC Tue May  5 19:26:24 UTC 2026 x86_64 x86_64 x86_64 GNU/Linux
[read] uptime
02:14:01 up  3:40,  3 users,  load average: 0.01, 0.00, 0.00
[read] df -h /
Filesystem      Size  Used Avail Use% Mounted on
/dev/sda1       3.9G  1.9G  2.0G  49% /
[config] bash -c "echo 'Managed by automation' > /etc/motd" -> ok
=== run at Wed Jun 17 02:16:01 AM +06 2026 ===

=== 10.137.65.110 ===
[read] uname -a
Linux target 6.8.0-117-generic #117-Ubuntu SMP PREEMPT_DYNAMIC Tue May  5 19:26:24 UTC 2026 x86_64 x86_64 x86_64 GNU/Linux
[read] uptime
02:16:02 up  3:42,  3 users,  load average: 0.08, 0.02, 0.01
[read] df -h /
Filesystem      Size  Used Avail Use% Mounted on
/dev/sda1       3.9G  1.9G  2.0G  49% /
[config] bash -c "echo 'Managed by automation' > /etc/motd" -> ok
=== run at Wed Jun 17 02:18:01 AM +06 2026 ===

=== 10.137.65.110 ===
[read] uname -a
Linux target 6.8.0-117-generic #117-Ubuntu SMP PREEMPT_DYNAMIC Tue May  5 19:26:24 UTC 2026 x86_64 x86_64 x86_64 GNU/Linux
[read] uptime
02:18:02 up  3:44,  3 users,  load average: 0.09, 0.02, 0.01
[read] df -h /
Filesystem      Size  Used Avail Use% Mounted on
/dev/sda1       3.9G  1.9G  2.0G  49% /
[config] bash -c "echo 'Managed by automation' > /etc/motd" -> ok
=== run at Wed Jun 17 02:20:01 AM +06 2026 ===

=== 10.137.65.110 ===
[read] uname -a
Linux target 6.8.0-117-generic #117-Ubuntu SMP PREEMPT_DYNAMIC Tue May  5 19:26:24 UTC 2026 x86_64 x86_64 x86_64 GNU/Linux
[read] uptime
02:20:02 up  3:46,  3 users,  load average: 0.01, 0.01, 0.00
[read] df -h /
Filesystem      Size  Used Avail Use% Mounted on
/dev/sda1       3.9G  1.9G  2.0G  49% /
[config] bash -c "echo 'Managed by automation' > /etc/motd" -> ok
=== run at Wed Jun 17 02:22:01 AM +06 2026 ===

=== 10.137.65.110 ===
[read] uname -a
Linux target 6.8.0-117-generic #117-Ubuntu SMP PREEMPT_DYNAMIC Tue May  5 19:26:24 UTC 2026 x86_64 x86_64 x86_64 GNU/Linux
[read] uptime
02:22:02 up  3:48,  3 users,  load average: 0.00, 0.00, 0.00
[read] df -h /
Filesystem      Size  Used Avail Use% Mounted on
/dev/sda1       3.9G  1.9G  2.0G  49% /
[config] bash -c "echo 'Managed by automation' > /etc/motd" -> ok
=== run at Wed Jun 17 02:24:02 AM +06 2026 ===

=== 10.137.65.110 ===
[read] uname -a
Linux target 6.8.0-117-generic #117-Ubuntu SMP PREEMPT_DYNAMIC Tue May  5 19:26:24 UTC 2026 x86_64 x86_64 x86_64 GNU/Linux
[read] uptime
02:24:02 up  3:50,  3 users,  load average: 0.00, 0.00, 0.00
[read] df -h /
Filesystem      Size  Used Avail Use% Mounted on
/dev/sda1       3.9G  1.9G  2.0G  49% /
[config] bash -c "echo 'Managed by automation' > /etc/motd" -> ok
=== run at Wed Jun 17 02:26:01 AM +06 2026 ===

=== 10.137.65.110 ===
[read] uname -a
Linux target 6.8.0-117-generic #117-Ubuntu SMP PREEMPT_DYNAMIC Tue May  5 19:26:24 UTC 2026 x86_64 x86_64 x86_64 GNU/Linux
[read] uptime
02:26:01 up  3:52,  3 users,  load average: 0.00, 0.00, 0.00
[read] df -h /
Filesystem      Size  Used Avail Use% Mounted on
/dev/sda1       3.9G  1.9G  2.0G  49% /
[config] bash -c "echo 'Managed by automation' > /etc/motd" -> ok
=== run at Wed Jun 17 02:28:01 AM +06 2026 ===

=== 10.137.65.110 ===
[read] uname -a
Linux target 6.8.0-117-generic #117-Ubuntu SMP PREEMPT_DYNAMIC Tue May  5 19:26:24 UTC 2026 x86_64 x86_64 x86_64 GNU/Linux
[read] uptime
02:28:01 up  3:54,  3 users,  load average: 0.10, 0.04, 0.01
[read] df -h /
Filesystem      Size  Used Avail Use% Mounted on
/dev/sda1       3.9G  1.9G  2.0G  49% /
[config] bash -c "echo 'Managed by automation' > /etc/motd" -> ok
=== run at Wed Jun 17 02:30:01 AM +06 2026 ===

=== 10.137.65.110 ===
[read] uname -a
Linux target 6.8.0-117-generic #117-Ubuntu SMP PREEMPT_DYNAMIC Tue May  5 19:26:24 UTC 2026 x86_64 x86_64 x86_64 GNU/Linux
[read] uptime
02:30:02 up  3:56,  3 users,  load average: 0.01, 0.02, 0.00
[read] df -h /
Filesystem      Size  Used Avail Use% Mounted on
/dev/sda1       3.9G  1.9G  2.0G  49% /
[config] bash -c "echo 'Managed by automation' > /etc/motd" -> ok
=== run at Wed Jun 17 02:32:01 AM +06 2026 ===

=== 10.137.65.110 ===
[read] uname -a
Linux target 6.8.0-117-generic #117-Ubuntu SMP PREEMPT_DYNAMIC Tue May  5 19:26:24 UTC 2026 x86_64 x86_64 x86_64 GNU/Linux
[read] uptime
02:32:02 up  3:58,  3 users,  load average: 0.08, 0.03, 0.01
[read] df -h /
Filesystem      Size  Used Avail Use% Mounted on
/dev/sda1       3.9G  1.9G  2.0G  49% /
[config] bash -c "echo 'Managed by automation' > /etc/motd" -> ok
=== run at Wed Jun 17 02:34:01 AM +06 2026 ===

=== 10.137.65.110 ===
[read] uname -a
Linux target 6.8.0-117-generic #117-Ubuntu SMP PREEMPT_DYNAMIC Tue May  5 19:26:24 UTC 2026 x86_64 x86_64 x86_64 GNU/Linux
[read] uptime
02:34:02 up  4:00,  3 users,  load average: 0.01, 0.01, 0.00
[read] df -h /
Filesystem      Size  Used Avail Use% Mounted on
/dev/sda1       3.9G  1.9G  2.0G  49% /
[config] bash -c "echo 'Managed by automation' > /etc/motd" -> ok
=== run at Wed Jun 17 02:36:01 AM +06 2026 ===

=== 10.137.65.110 ===
[read] uname -a
Linux target 6.8.0-117-generic #117-Ubuntu SMP PREEMPT_DYNAMIC Tue May  5 19:26:24 UTC 2026 x86_64 x86_64 x86_64 GNU/Linux
[read] uptime
02:36:02 up  4:02,  3 users,  load average: 0.00, 0.00, 0.00
[read] df -h /
Filesystem      Size  Used Avail Use% Mounted on
/dev/sda1       3.9G  1.9G  2.0G  49% /
[config] bash -c "echo 'Managed by automation' > /etc/motd" -> ok
=== run at Wed Jun 17 02:38:01 PM +06 2026 ===

=== 10.137.65.110 ===
[read] uname -a
Linux target 6.8.0-117-generic #117-Ubuntu SMP PREEMPT_DYNAMIC Tue May  5 19:26:24 UTC 2026 x86_64 x86_64 x86_64 GNU/Linux
[read] uptime
14:38:03 up 16:04,  3 users,  load average: 1.12, 0.40, 0.15
[read] df -h /
Filesystem      Size  Used Avail Use% Mounted on
/dev/sda1       3.9G  1.9G  2.0G  49% /
[config] bash -c "echo 'Managed by automation' > /etc/motd" -> ok
=== run at Wed Jun 17 02:40:01 PM +06 2026 ===

=== 10.137.65.110 ===
[read] uname -a
Linux target 6.8.0-117-generic #117-Ubuntu SMP PREEMPT_DYNAMIC Tue May  5 19:26:24 UTC 2026 x86_64 x86_64 x86_64 GNU/Linux
[read] uptime
14:40:03 up 16:06,  3 users,  load average: 0.94, 0.53, 0.22
[read] df -h /
Filesystem      Size  Used Avail Use% Mounted on
/dev/sda1       3.9G  2.3G  1.6G  60% /
[config] bash -c "echo 'Managed by automation' > /etc/motd" -> ok
=== run at Wed Jun 17 02:42:01 PM +06 2026 ===

=== 10.137.65.110 ===
[read] uname -a
Linux target 6.8.0-117-generic #117-Ubuntu SMP PREEMPT_DYNAMIC Tue May  5 19:26:24 UTC 2026 x86_64 x86_64 x86_64 GNU/Linux
[read] uptime
14:42:03 up 16:08,  3 users,  load average: 0.14, 0.36, 0.19
[read] df -h /
Filesystem      Size  Used Avail Use% Mounted on
/dev/sda1       3.9G  2.1G  1.8G  55% /
[config] bash -c "echo 'Managed by automation' > /etc/motd" -> ok
=== run at Wed Jun 17 02:44:01 PM +06 2026 ===

=== 10.137.65.110 ===
[read] uname -a
Linux target 6.8.0-117-generic #117-Ubuntu SMP PREEMPT_DYNAMIC Tue May  5 19:26:24 UTC 2026 x86_64 x86_64 x86_64 GNU/Linux
[read] uptime
14:44:03 up 16:10,  3 users,  load average: 0.02, 0.24, 0.16
[read] df -h /
Filesystem      Size  Used Avail Use% Mounted on
/dev/sda1       3.9G  2.1G  1.8G  55% /
[config] bash -c "echo 'Managed by automation' > /etc/motd" -> ok
=== run at Wed Jun 17 02:46:01 PM +06 2026 ===

=== 10.137.65.110 ===
[read] uname -a
Linux target 6.8.0-117-generic #117-Ubuntu SMP PREEMPT_DYNAMIC Tue May  5 19:26:24 UTC 2026 x86_64 x86_64 x86_64 GNU/Linux
[read] uptime
14:46:03 up 16:12,  3 users,  load average: 0.00, 0.16, 0.14
[read] df -h /
Filesystem      Size  Used Avail Use% Mounted on
/dev/sda1       3.9G  2.1G  1.8G  55% /
[config] bash -c "echo 'Managed by automation' > /etc/motd" -> ok
=== run at Wed Jun 17 02:48:01 PM +06 2026 ===

=== 10.137.65.110 ===
[read] uname -a
Linux target 6.8.0-117-generic #117-Ubuntu SMP PREEMPT_DYNAMIC Tue May  5 19:26:24 UTC 2026 x86_64 x86_64 x86_64 GNU/Linux
[read] uptime
14:48:03 up 16:14,  3 users,  load average: 0.00, 0.10, 0.12
[read] df -h /
Filesystem      Size  Used Avail Use% Mounted on
/dev/sda1       3.9G  2.1G  1.8G  55% /
[config] bash -c "echo 'Managed by automation' > /etc/motd" -> ok
=== run at Wed Jun 17 02:50:01 PM +06 2026 ===

=== 10.137.65.110 ===
[read] uname -a
Linux target 6.8.0-117-generic #117-Ubuntu SMP PREEMPT_DYNAMIC Tue May  5 19:26:24 UTC 2026 x86_64 x86_64 x86_64 GNU/Linux
[read] uptime
14:50:03 up 16:16,  3 users,  load average: 0.00, 0.06, 0.09
[read] df -h /
Filesystem      Size  Used Avail Use% Mounted on
/dev/sda1       3.9G  2.1G  1.8G  55% /
[config] bash -c "echo 'Managed by automation' > /etc/motd" -> ok
=== run at Wed Jun 17 02:52:01 PM +06 2026 ===

=== 10.137.65.110 ===
[read] uname -a
Linux target 6.8.0-117-generic #117-Ubuntu SMP PREEMPT_DYNAMIC Tue May  5 19:26:24 UTC 2026 x86_64 x86_64 x86_64 GNU/Linux
[read] uptime
14:52:03 up 16:18,  3 users,  load average: 0.00, 0.04, 0.08
[read] df -h /
Filesystem      Size  Used Avail Use% Mounted on
/dev/sda1       3.9G  2.1G  1.8G  55% /
[config] bash -c "echo 'Managed by automation' > /etc/motd" -> ok
=== run at Wed Jun 17 02:54:01 PM +06 2026 ===

=== 10.137.65.110 ===
[read] uname -a
Linux target 6.8.0-117-generic #117-Ubuntu SMP PREEMPT_DYNAMIC Tue May  5 19:26:24 UTC 2026 x86_64 x86_64 x86_64 GNU/Linux
[read] uptime
14:54:03 up 16:20,  3 users,  load average: 0.00, 0.02, 0.07
[read] df -h /
Filesystem      Size  Used Avail Use% Mounted on
/dev/sda1       3.9G  2.1G  1.8G  55% /
[config] bash -c "echo 'Managed by automation' > /etc/motd" -> ok
=== run at Wed Jun 17 02:56:01 PM +06 2026 ===

=== 10.137.65.110 ===
[read] uname -a
Linux target 6.8.0-117-generic #117-Ubuntu SMP PREEMPT_DYNAMIC Tue May  5 19:26:24 UTC 2026 x86_64 x86_64 x86_64 GNU/Linux
[read] uptime
14:56:03 up 16:22,  3 users,  load average: 0.00, 0.01, 0.06
[read] df -h /
Filesystem      Size  Used Avail Use% Mounted on
/dev/sda1       3.9G  2.1G  1.8G  55% /
[config] bash -c "echo 'Managed by automation' > /etc/motd" -> ok
=== run at Wed Jun 17 02:58:01 PM +06 2026 ===

=== 10.137.65.110 ===
[read] uname -a
Linux target 6.8.0-117-generic #117-Ubuntu SMP PREEMPT_DYNAMIC Tue May  5 19:26:24 UTC 2026 x86_64 x86_64 x86_64 GNU/Linux
[read] uptime
14:58:03 up 16:24,  3 users,  load average: 0.00, 0.00, 0.05
[read] df -h /
Filesystem      Size  Used Avail Use% Mounted on
/dev/sda1       3.9G  2.1G  1.8G  55% /
[config] bash -c "echo 'Managed by automation' > /etc/motd" -> ok
=== run at Wed Jun 17 03:00:01 PM +06 2026 ===

=== 10.137.65.110 ===
[read] uname -a
Linux target 6.8.0-117-generic #117-Ubuntu SMP PREEMPT_DYNAMIC Tue May  5 19:26:24 UTC 2026 x86_64 x86_64 x86_64 GNU/Linux
[read] uptime
15:00:03 up 16:26,  3 users,  load average: 0.00, 0.00, 0.03
[read] df -h /
Filesystem      Size  Used Avail Use% Mounted on
/dev/sda1       3.9G  2.1G  1.8G  55% /
[config] bash -c "echo 'Managed by automation' > /etc/motd" -> ok
=== run at Wed Jun 17 03:02:01 PM +06 2026 ===

=== 10.137.65.110 ===
[read] uname -a
Linux target 6.8.0-117-generic #117-Ubuntu SMP PREEMPT_DYNAMIC Tue May  5 19:26:24 UTC 2026 x86_64 x86_64 x86_64 GNU/Linux
[read] uptime
15:02:03 up 16:28,  3 users,  load average: 0.00, 0.00, 0.02
[read] df -h /
Filesystem      Size  Used Avail Use% Mounted on
/dev/sda1       3.9G  2.1G  1.8G  55% /
[config] bash -c "echo 'Managed by automation' > /etc/motd" -> ok
=== run at Wed Jun 17 03:04:01 PM +06 2026 ===

=== 10.137.65.110 ===
[read] uname -a
Linux target 6.8.0-117-generic #117-Ubuntu SMP PREEMPT_DYNAMIC Tue May  5 19:26:24 UTC 2026 x86_64 x86_64 x86_64 GNU/Linux
[read] uptime
15:04:03 up 16:30,  3 users,  load average: 0.00, 0.00, 0.01
[read] df -h /
Filesystem      Size  Used Avail Use% Mounted on
/dev/sda1       3.9G  2.1G  1.8G  55% /
[config] bash -c "echo 'Managed by automation' > /etc/motd" -> ok
=== run at Wed Jun 17 03:06:01 PM +06 2026 ===

=== 10.137.65.110 ===
[read] uname -a
Linux target 6.8.0-117-generic #117-Ubuntu SMP PREEMPT_DYNAMIC Tue May  5 19:26:24 UTC 2026 x86_64 x86_64 x86_64 GNU/Linux
[read] uptime
15:06:03 up 16:32,  3 users,  load average: 0.00, 0.00, 0.00
[read] df -h /
Filesystem      Size  Used Avail Use% Mounted on
/dev/sda1       3.9G  2.1G  1.8G  55% /
[config] bash -c "echo 'Managed by automation' > /etc/motd" -> ok
=== run at Wed Jun 17 03:08:01 PM +06 2026 ===

=== 10.137.65.110 ===
[read] uname -a
Linux target 6.8.0-117-generic #117-Ubuntu SMP PREEMPT_DYNAMIC Tue May  5 19:26:24 UTC 2026 x86_64 x86_64 x86_64 GNU/Linux
[read] uptime
15:08:04 up 16:34,  3 users,  load average: 0.00, 0.00, 0.00
[read] df -h /
Filesystem      Size  Used Avail Use% Mounted on
/dev/sda1       3.9G  2.1G  1.8G  55% /
[config] bash -c "echo 'Managed by automation' > /etc/motd" -> ok
=== run at Wed Jun 17 03:10:01 PM +06 2026 ===

=== 10.137.65.110 ===
[read] uname -a
Linux target 6.8.0-117-generic #117-Ubuntu SMP PREEMPT_DYNAMIC Tue May  5 19:26:24 UTC 2026 x86_64 x86_64 x86_64 GNU/Linux
[read] uptime
15:10:03 up 16:36,  3 users,  load average: 0.00, 0.00, 0.00
[read] df -h /
Filesystem      Size  Used Avail Use% Mounted on
/dev/sda1       3.9G  2.1G  1.8G  55% /
[config] bash -c "echo 'Managed by automation' > /etc/motd" -> ok
=== run at Wed Jun 17 03:12:01 PM +06 2026 ===

=== 10.137.65.110 ===
[read] uname -a
Linux target 6.8.0-117-generic #117-Ubuntu SMP PREEMPT_DYNAMIC Tue May  5 19:26:24 UTC 2026 x86_64 x86_64 x86_64 GNU/Linux
[read] uptime
15:12:02 up 16:38,  3 users,  load average: 0.00, 0.00, 0.00
[read] df -h /
Filesystem      Size  Used Avail Use% Mounted on
/dev/sda1       3.9G  2.1G  1.8G  55% /
[config] bash -c "echo 'Managed by automation' > /etc/motd" -> ok
=== run at Wed Jun 17 03:14:01 PM +06 2026 ===

=== 10.137.65.110 ===
[read] uname -a
Linux target 6.8.0-117-generic #117-Ubuntu SMP PREEMPT_DYNAMIC Tue May  5 19:26:24 UTC 2026 x86_64 x86_64 x86_64 GNU/Linux
[read] uptime
15:14:01 up 16:40,  3 users,  load average: 0.00, 0.00, 0.00
[read] df -h /
Filesystem      Size  Used Avail Use% Mounted on
/dev/sda1       3.9G  2.1G  1.8G  55% /
[config] bash -c "echo 'Managed by automation' > /etc/motd" -> ok
=== run at Wed Jun 17 03:16:01 PM +06 2026 ===

=== 10.137.65.110 ===
[read] uname -a
Linux target 6.8.0-117-generic #117-Ubuntu SMP PREEMPT_DYNAMIC Tue May  5 19:26:24 UTC 2026 x86_64 x86_64 x86_64 GNU/Linux
[read] uptime
15:16:02 up 16:42,  3 users,  load average: 0.00, 0.00, 0.00
[read] df -h /
Filesystem      Size  Used Avail Use% Mounted on
/dev/sda1       3.9G  2.1G  1.8G  55% /
[config] bash -c "echo 'Managed by automation' > /etc/motd" -> ok
=== run at Wed Jun 17 03:18:01 PM +06 2026 ===

=== 10.137.65.110 ===
[read] uname -a
Linux target 6.8.0-117-generic #117-Ubuntu SMP PREEMPT_DYNAMIC Tue May  5 19:26:24 UTC 2026 x86_64 x86_64 x86_64 GNU/Linux
[read] uptime
15:18:02 up 16:44,  3 users,  load average: 0.00, 0.00, 0.00
[read] df -h /
Filesystem      Size  Used Avail Use% Mounted on
/dev/sda1       3.9G  2.1G  1.8G  55% /
[config] bash -c "echo 'Managed by automation' > /etc/motd" -> ok
=== run at Wed Jun 17 03:20:01 PM +06 2026 ===

=== 10.137.65.110 ===
[read] uname -a
Linux target 6.8.0-117-generic #117-Ubuntu SMP PREEMPT_DYNAMIC Tue May  5 19:26:24 UTC 2026 x86_64 x86_64 x86_64 GNU/Linux
[read] uptime
15:20:02 up 16:46,  3 users,  load average: 0.00, 0.00, 0.00
[read] df -h /
Filesystem      Size  Used Avail Use% Mounted on
/dev/sda1       3.9G  2.1G  1.8G  55% /
[config] bash -c "echo 'Managed by automation' > /etc/motd" -> ok
=== run at Wed Jun 17 03:22:01 PM +06 2026 ===

=== 10.137.65.110 ===
[read] uname -a
Linux target 6.8.0-117-generic #117-Ubuntu SMP PREEMPT_DYNAMIC Tue May  5 19:26:24 UTC 2026 x86_64 x86_64 x86_64 GNU/Linux
[read] uptime
15:22:01 up 16:48,  3 users,  load average: 0.00, 0.00, 0.00
[read] df -h /
Filesystem      Size  Used Avail Use% Mounted on
/dev/sda1       3.9G  2.1G  1.8G  55% /
[config] bash -c "echo 'Managed by automation' > /etc/motd" -> ok
